<?xml version="1.0" encoding="UTF-8"?>
<!-- Generated by org.testng.reporters.JUnitXMLReporter -->
<testsuite hostname="LAPTOP-B4P3J0KB" tests="26" failures="0" timestamp="26 Nov 2019 21:17:37 GMT" time="0.129" errors="0">
  <testcase name="multipleWords" time="0.052" classname="ShortestWordTest"/>
  <testcase name="multipleWords" time="0.002" classname="ShortestWordTest"/>
  <testcase name="multipleWords" time="0.001" classname="ShortestWordTest"/>
  <testcase name="multipleWords" time="0.001" classname="ShortestWordTest"/>
  <testcase name="positiveLength" time="0.006" classname="ShortestWordTest"/>
  <testcase name="positiveLength" time="0.001" classname="ShortestWordTest"/>
  <testcase name="positiveLength" time="0.002" classname="ShortestWordTest"/>
  <testcase name="positiveLength" time="0.001" classname="ShortestWordTest"/>
  <testcase name="multipleWords" time="0.001" classname="LongestWordTest"/>
  <testcase name="multipleWords" time="0.001" classname="LongestWordTest"/>
  <testcase name="multipleWords" time="0.001" classname="LongestWordTest"/>
  <testcase name="multipleWords" time="0.001" classname="LongestWordTest"/>
  <testcase name="positiveLength" time="0.001" classname="LongestWordTest"/>
  <testcase name="positiveLength" time="0.001" classname="LongestWordTest"/>
  <testcase name="positiveLength" time="0.001" classname="LongestWordTest"/>
  <testcase name="positiveLength" time="0.001" classname="LongestWordTest"/>
  <testcase name="illegalinput" time="0.001" classname="ShortestWordTest"/>
  <testcase name="illegalinput" time="0.0" classname="ShortestWordTest"/>
  <testcase name="illegalinput" time="0.001" classname="ShortestWordTest"/>
  <testcase name="zerowords" time="0.0" classname="ShortestWordTest"/>
  <testcase name="zerowords" time="0.001" classname="ShortestWordTest"/>
  <testcase name="illegalinput" time="0.001" classname="LongestWordTest"/>
  <testcase name="illegalinput" time="0.001" classname="LongestWordTest"/>
  <testcase name="illegalinput" time="0.001" classname="LongestWordTest"/>
  <testcase name="zerowords" time="0.001" classname="LongestWordTest"/>
  <testcase name="zerowords" time="0.001" classname="LongestWordTest"/>
</testsuite>
